<?xml version="1.0" encoding="UTF-8"?>
<!-- Generated by org.testng.reporters.JUnitReportReporter -->
<testsuite hostname="cca-lg36-0816.cs.bham.ac.uk" name="TestNG.ASearchTest" tests="1000" failures="0" timestamp="27 Mar 2015 15:43:41 GMT" time="1.700" errors="0">
  <testcase name="test" time="0.001" classname="TestNG.ASearchTest"/>
  <testcase name="test" time="0.002" classname="TestNG.ASearchTest"/>
  <testcase name="test" time="0.001" classname="TestNG.ASearchTest"/>
  <testcase name="test" time="0.001" classname="TestNG.ASearchTest"/>
  <testcase name="test" time="0.001" classname="TestNG.ASearchTest"/>
  <testcase name="test" time="0.001" classname="TestNG.ASearchTest"/>
  <testcase name="test" time="0.001" classname="TestNG.ASearchTest"/>
  <testcase name="test" time="0.001" classname="TestNG.ASearchTest"/>
  <testcase name="test" time="0.008" classname="TestNG.ASearchTest"/>
  <testcase name="test" time="0.001" classname="TestNG.ASearchTest"/>
  <testcase name="test" time="0.001" classname="TestNG.ASearchTest"/>
  <testcase name="test" time="0.001" classname="TestNG.ASearchTest"/>
  <testcase name="test" time="0.001" classname="TestNG.ASearchTest"/>
  <testcase name="test" time="0.006" classname="TestNG.ASearchTest"/>
  <testcase name="test" time="0.001" classname="TestNG.ASearchTest"/>
  <testcase name="test" time="0.001" classname="TestNG.ASearchTest"/>
  <testcase name="test" time="0.002" classname="TestNG.ASearchTest"/>
  <testcase name="test" time="0.001" classname="TestNG.ASearchTest"/>
  <testcase name="test" time="0.000" classname="TestNG.ASearchTest"/>
  <testcase name="test" time="0.005" classname="TestNG.ASearchTest"/>
  <testcase name="test" time="0.001" classname="TestNG.ASearchTest"/>
  <testcase name="test" time="0.001" classname="TestNG.ASearchTest"/>
  <testcase name="test" time="0.000" classname="TestNG.ASearchTest"/>
  <testcase name="test" time="0.001" classname="TestNG.ASearchTest"/>
  <testcase name="test" time="0.001" classname="TestNG.ASearchTest"/>
  <testcase name="test" time="0.001" classname="TestNG.ASearchTest"/>
  <testcase name="test" time="0.003" classname="TestNG.ASearchTest"/>
  <testcase name="test" time="0.001" classname="TestNG.ASearchTest"/>
  <testcase name="test" time="0.002" classname="TestNG.ASearchTest"/>
  <testcase name="test" time="0.002" classname="TestNG.ASearchTest"/>
  <testcase name="test" time="0.001" classname="TestNG.ASearchTest"/>
  <testcase name="test" time="0.001" classname="TestNG.ASearchTest"/>
  <testcase name="test" time="0.002" classname="TestNG.ASearchTest"/>
  <testcase name="test" time="0.001" classname="TestNG.ASearchTest"/>
  <testcase name="test" time="0.002" classname="TestNG.ASearchTest"/>
  <testcase name="test" time="0.001" classname="TestNG.ASearchTest"/>
  <testcase name="test" time="0.001" classname="TestNG.ASearchTest"/>
  <testcase name="test" time="0.003" classname="TestNG.ASearchTest"/>
  <testcase name="test" time="0.001" classname="TestNG.ASearchTest"/>
  <testcase name="test" time="0.001" classname="TestNG.ASearchTest"/>
  <testcase name="test" time="0.001" classname="TestNG.ASearchTest"/>
  <testcase name="test" time="0.001" classname="TestNG.ASearchTest"/>
  <testcase name="test" time="0.001" classname="TestNG.ASearchTest"/>
  <testcase name="test" time="0.001" classname="TestNG.ASearchTest"/>
  <testcase name="test" time="0.001" classname="TestNG.ASearchTest"/>
  <testcase name="test" time="0.001" classname="TestNG.ASearchTest"/>
  <testcase name="test" time="0.001" classname="TestNG.ASearchTest"/>
  <testcase name="test" time="0.001" classname="TestNG.ASearchTest"/>
  <testcase name="test" time="0.001" classname="TestNG.ASearchTest"/>
  <testcase name="test" time="0.001" classname="TestNG.ASearchTest"/>
  <testcase name="test" time="0.005" classname="TestNG.ASearchTest"/>
  <testcase name="test" time="0.013" classname="TestNG.ASearchTest"/>
  <testcase name="test" time="0.001" classname="TestNG.ASearchTest"/>
  <testcase name="test" time="0.001" classname="TestNG.ASearchTest"/>
  <testcase name="test" time="0.001" classname="TestNG.ASearchTest"/>
  <testcase name="test" time="0.001" classname="TestNG.ASearchTest"/>
  <testcase name="test" time="0.001" classname="TestNG.ASearchTest"/>
  <testcase name="test" time="0.001" classname="TestNG.ASearchTest"/>
  <testcase name="test" time="0.001" classname="TestNG.ASearchTest"/>
  <testcase name="test" time="0.001" classname="TestNG.ASearchTest"/>
  <testcase name="test" time="0.001" classname="TestNG.ASearchTest"/>
  <testcase name="test" time="0.003" classname="TestNG.ASearchTest"/>
  <testcase name="test" time="0.001" classname="TestNG.ASearchTest"/>
  <testcase name="test" time="0.002" classname="TestNG.ASearchTest"/>
  <testcase name="test" time="0.001" classname="TestNG.ASearchTest"/>
  <testcase name="test" time="0.002" classname="TestNG.ASearchTest"/>
  <testcase name="test" time="0.001" classname="TestNG.ASearchTest"/>
  <testcase name="test" time="0.001" classname="TestNG.ASearchTest"/>
  <testcase name="test" time="0.008" classname="TestNG.ASearchTest"/>
  <testcase name="test" time="0.001" classname="TestNG.ASearchTest"/>
  <testcase name="test" time="0.001" classname="TestNG.ASearchTest"/>
  <testcase name="test" time="0.001" classname="TestNG.ASearchTest"/>
  <testcase name="test" time="0.000" classname="TestNG.ASearchTest"/>
  <testcase name="test" time="0.001" classname="TestNG.ASearchTest"/>
  <testcase name="test" time="0.001" classname="TestNG.ASearchTest"/>
  <testcase name="test" time="0.000" classname="TestNG.ASearchTest"/>
  <testcase name="test" time="0.001" classname="TestNG.ASearchTest"/>
  <testcase name="test" time="0.001" classname="TestNG.ASearchTest"/>
  <testcase name="test" time="0.001" classname="TestNG.ASearchTest"/>
  <testcase name="test" time="0.001" classname="TestNG.ASearchTest"/>
  <testcase name="test" time="0.001" classname="TestNG.ASearchTest"/>
  <testcase name="test" time="0.001" classname="TestNG.ASearchTest"/>
  <testcase name="test" time="0.001" classname="TestNG.ASearchTest"/>
  <testcase name="test" time="0.000" classname="TestNG.ASearchTest"/>
  <testcase name="test" time="0.001" classname="TestNG.ASearchTest"/>
  <testcase name="test" time="0.002" classname="TestNG.ASearchTest"/>
  <testcase name="test" time="0.001" classname="TestNG.ASearchTest"/>
  <testcase name="test" time="0.001" classname="TestNG.ASearchTest"/>
  <testcase name="test" time="0.001" classname="TestNG.ASearchTest"/>
  <testcase name="test" time="0.001" classname="TestNG.ASearchTest"/>
  <testcase name="test" time="0.004" classname="TestNG.ASearchTest"/>
  <testcase name="test" time="0.001" classname="TestNG.ASearchTest"/>
  <testcase name="test" time="0.001" classname="TestNG.ASearchTest"/>
  <testcase name="test" time="0.001" classname="TestNG.ASearchTest"/>
  <testcase name="test" time="0.001" classname="TestNG.ASearchTest"/>
  <testcase name="test" time="0.001" classname="TestNG.ASearchTest"/>
  <testcase name="test" time="0.001" classname="TestNG.ASearchTest"/>
  <testcase name="test" time="0.001" classname="TestNG.ASearchTest"/>
  <testcase name="test" time="0.001" classname="TestNG.ASearchTest"/>
  <testcase name="test" time="0.000" classname="TestNG.ASearchTest"/>
  <testcase name="test" time="0.001" classname="TestNG.ASearchTest"/>
  <testcase name="test" time="0.008" classname="TestNG.ASearchTest"/>
  <testcase name="test" time="0.001" classname="TestNG.ASearchTest"/>
  <testcase name="test" time="0.002" classname="TestNG.ASearchTest"/>
  <testcase name="test" time="0.001" classname="TestNG.ASearchTest"/>
  <testcase name="test" time="0.000" classname="TestNG.ASearchTest"/>
  <testcase name="test" time="0.001" classname="TestNG.ASearchTest"/>
  <testcase name="test" time="0.001" classname="TestNG.ASearchTest"/>
  <testcase name="test" time="0.001" classname="TestNG.ASearchTest"/>
  <testcase name="test" time="0.001" classname="TestNG.ASearchTest"/>
  <testcase name="test" time="0.002" classname="TestNG.ASearchTest"/>
  <testcase name="test" time="0.002" classname="TestNG.ASearchTest"/>
  <testcase name="test" time="0.017" classname="TestNG.ASearchTest"/>
  <testcase name="test" time="0.001" classname="TestNG.ASearchTest"/>
  <testcase name="test" time="0.001" classname="TestNG.ASearchTest"/>
  <testcase name="test" time="0.001" classname="TestNG.ASearchTest"/>
  <testcase name="test" time="0.001" classname="TestNG.ASearchTest"/>
  <testcase name="test" time="0.001" classname="TestNG.ASearchTest"/>
  <testcase name="test" time="0.002" classname="TestNG.ASearchTest"/>
  <testcase name="test" time="0.002" classname="TestNG.ASearchTest"/>
  <testcase name="test" time="0.001" classname="TestNG.ASearchTest"/>
  <testcase name="test" time="0.001" classname="TestNG.ASearchTest"/>
  <testcase name="test" time="0.001" classname="TestNG.ASearchTest"/>
  <testcase name="test" time="0.001" classname="TestNG.ASearchTest"/>
  <testcase name="test" time="0.001" classname="TestNG.ASearchTest"/>
  <testcase name="test" time="0.002" classname="TestNG.ASearchTest"/>
  <testcase name="test" time="0.001" classname="TestNG.ASearchTest"/>
  <testcase name="test" time="0.002" classname="TestNG.ASearchTest"/>
  <testcase name="test" time="0.003" classname="TestNG.ASearchTest"/>
  <testcase name="test" time="0.001" classname="TestNG.ASearchTest"/>
  <testcase name="test" time="0.001" classname="TestNG.ASearchTest"/>
  <testcase name="test" time="0.001" classname="TestNG.ASearchTest"/>
  <testcase name="test" time="0.001" classname="TestNG.ASearchTest"/>
  <testcase name="test" time="0.001" classname="TestNG.ASearchTest"/>
  <testcase name="test" time="0.001" classname="TestNG.ASearchTest"/>
  <testcase name="test" time="0.001" classname="TestNG.ASearchTest"/>
  <testcase name="test" time="0.000" classname="TestNG.ASearchTest"/>
  <testcase name="test" time="0.001" classname="TestNG.ASearchTest"/>
  <testcase name="test" time="0.001" classname="TestNG.ASearchTest"/>
  <testcase name="test" time="0.001" classname="TestNG.ASearchTest"/>
  <testcase name="test" time="0.001" classname="TestNG.ASearchTest"/>
  <testcase name="test" time="0.001" classname="TestNG.ASearchTest"/>
  <testcase name="test" time="0.001" classname="TestNG.ASearchTest"/>
  <testcase name="test" time="0.001" classname="TestNG.ASearchTest"/>
  <testcase name="test" time="0.007" classname="TestNG.ASearchTest"/>
  <testcase name="test" time="0.001" classname="TestNG.ASearchTest"/>
  <testcase name="test" time="0.001" classname="TestNG.ASearchTest"/>
  <testcase name="test" time="0.001" classname="TestNG.ASearchTest"/>
  <testcase name="test" time="0.001" classname="TestNG.ASearchTest"/>
  <testcase name="test" time="0.001" classname="TestNG.ASearchTest"/>
  <testcase name="test" time="0.001" classname="TestNG.ASearchTest"/>
  <testcase name="test" time="0.002" classname="TestNG.ASearchTest"/>
  <testcase name="test" time="0.000" classname="TestNG.ASearchTest"/>
  <testcase name="test" time="0.001" classname="TestNG.ASearchTest"/>
  <testcase name="test" time="0.001" classname="TestNG.ASearchTest"/>
  <testcase name="test" time="0.002" classname="TestNG.ASearchTest"/>
  <testcase name="test" time="0.001" classname="TestNG.ASearchTest"/>
  <testcase name="test" time="0.001" classname="TestNG.ASearchTest"/>
  <testcase name="test" time="0.001" classname="TestNG.ASearchTest"/>
  <testcase name="test" time="0.003" classname="TestNG.ASearchTest"/>
  <testcase name="test" time="0.003" classname="TestNG.ASearchTest"/>
  <testcase name="test" time="0.001" classname="TestNG.ASearchTest"/>
  <testcase name="test" time="0.001" classname="TestNG.ASearchTest"/>
  <testcase name="test" time="0.001" classname="TestNG.ASearchTest"/>
  <testcase name="test" time="0.001" classname="TestNG.ASearchTest"/>
  <testcase name="test" time="0.001" classname="TestNG.ASearchTest"/>
  <testcase name="test" time="0.001" classname="TestNG.ASearchTest"/>
  <testcase name="test" time="0.001" classname="TestNG.ASearchTest"/>
  <testcase name="test" time="0.001" classname="TestNG.ASearchTest"/>
  <testcase name="test" time="0.001" classname="TestNG.ASearchTest"/>
  <testcase name="test" time="0.001" classname="TestNG.ASearchTest"/>
  <testcase name="test" time="0.001" classname="TestNG.ASearchTest"/>
  <testcase name="test" time="0.001" classname="TestNG.ASearchTest"/>
  <testcase name="test" time="0.000" classname="TestNG.ASearchTest"/>
  <testcase name="test" time="0.001" classname="TestNG.ASearchTest"/>
  <testcase name="test" time="0.001" classname="TestNG.ASearchTest"/>
  <testcase name="test" time="0.001" classname="TestNG.ASearchTest"/>
  <testcase name="test" time="0.001" classname="TestNG.ASearchTest"/>
  <testcase name="test" time="0.001" classname="TestNG.ASearchTest"/>
  <testcase name="test" time="0.001" classname="TestNG.ASearchTest"/>
  <testcase name="test" time="0.001" classname="TestNG.ASearchTest"/>
  <testcase name="test" time="0.003" classname="TestNG.ASearchTest"/>
  <testcase name="test" time="0.001" classname="TestNG.ASearchTest"/>
  <testcase name="test" time="0.001" classname="TestNG.ASearchTest"/>
  <testcase name="test" time="0.001" classname="TestNG.ASearchTest"/>
  <testcase name="test" time="0.001" classname="TestNG.ASearchTest"/>
  <testcase name="test" time="0.002" classname="TestNG.ASearchTest"/>
  <testcase name="test" time="0.001" classname="TestNG.ASearchTest"/>
  <testcase name="test" time="0.001" classname="TestNG.ASearchTest"/>
  <testcase name="test" time="0.001" classname="TestNG.ASearchTest"/>
  <testcase name="test" time="0.001" classname="TestNG.ASearchTest"/>
  <testcase name="test" time="0.001" classname="TestNG.ASearchTest"/>
  <testcase name="test" time="0.001" classname="TestNG.ASearchTest"/>
  <testcase name="test" time="0.000" classname="TestNG.ASearchTest"/>
  <testcase name="test" time="0.001" classname="TestNG.ASearchTest"/>
  <testcase name="test" time="0.001" classname="TestNG.ASearchTest"/>
  <testcase name="test" time="0.002" classname="TestNG.ASearchTest"/>
  <testcase name="test" time="0.001" classname="TestNG.ASearchTest"/>
  <testcase name="test" time="0.001" classname="TestNG.ASearchTest"/>
  <testcase name="test" time="0.001" classname="TestNG.ASearchTest"/>
  <testcase name="test" time="0.002" classname="TestNG.ASearchTest"/>
  <testcase name="test" time="0.001" classname="TestNG.ASearchTest"/>
  <testcase name="test" time="0.001" classname="TestNG.ASearchTest"/>
  <testcase name="test" time="0.001" classname="TestNG.ASearchTest"/>
  <testcase name="test" time="0.001" classname="TestNG.ASearchTest"/>
  <testcase name="test" time="0.001" classname="TestNG.ASearchTest"/>
  <testcase name="test" time="0.001" classname="TestNG.ASearchTest"/>
  <testcase name="test" time="0.001" classname="TestNG.ASearchTest"/>
  <testcase name="test" time="0.002" classname="TestNG.ASearchTest"/>
  <testcase name="test" time="0.001" classname="TestNG.ASearchTest"/>
  <testcase name="test" time="0.000" classname="TestNG.ASearchTest"/>
  <testcase name="test" time="0.001" classname="TestNG.ASearchTest"/>
  <testcase name="test" time="0.001" classname="TestNG.ASearchTest"/>
  <testcase name="test" time="0.001" classname="TestNG.ASearchTest"/>
  <testcase name="test" time="0.002" classname="TestNG.ASearchTest"/>
  <testcase name="test" time="0.001" classname="TestNG.ASearchTest"/>
  <testcase name="test" time="0.001" classname="TestNG.ASearchTest"/>
  <testcase name="test" time="0.000" classname="TestNG.ASearchTest"/>
  <testcase name="test" time="0.001" classname="TestNG.ASearchTest"/>
  <testcase name="test" time="0.001" classname="TestNG.ASearchTest"/>
  <testcase name="test" time="0.001" classname="TestNG.ASearchTest"/>
  <testcase name="test" time="0.000" classname="TestNG.ASearchTest"/>
  <testcase name="test" time="0.001" classname="TestNG.ASearchTest"/>
  <testcase name="test" time="0.000" classname="TestNG.ASearchTest"/>
  <testcase name="test" time="0.001" classname="TestNG.ASearchTest"/>
  <testcase name="test" time="0.005" classname="TestNG.ASearchTest"/>
  <testcase name="test" time="0.001" classname="TestNG.ASearchTest"/>
  <testcase name="test" time="0.001" classname="TestNG.ASearchTest"/>
  <testcase name="test" time="0.003" classname="TestNG.ASearchTest"/>
  <testcase name="test" time="0.002" classname="TestNG.ASearchTest"/>
  <testcase name="test" time="0.001" classname="TestNG.ASearchTest"/>
  <testcase name="test" time="0.007" classname="TestNG.ASearchTest"/>
  <testcase name="test" time="0.002" classname="TestNG.ASearchTest"/>
  <testcase name="test" time="0.001" classname="TestNG.ASearchTest"/>
  <testcase name="test" time="0.001" classname="TestNG.ASearchTest"/>
  <testcase name="test" time="0.001" classname="TestNG.ASearchTest"/>
  <testcase name="test" time="0.001" classname="TestNG.ASearchTest"/>
  <testcase name="test" time="0.006" classname="TestNG.ASearchTest"/>
  <testcase name="test" time="0.001" classname="TestNG.ASearchTest"/>
  <testcase name="test" time="0.002" classname="TestNG.ASearchTest"/>
  <testcase name="test" time="0.001" classname="TestNG.ASearchTest"/>
  <testcase name="test" time="0.003" classname="TestNG.ASearchTest"/>
  <testcase name="test" time="0.001" classname="TestNG.ASearchTest"/>
  <testcase name="test" time="0.001" classname="TestNG.ASearchTest"/>
  <testcase name="test" time="0.003" classname="TestNG.ASearchTest"/>
  <testcase name="test" time="0.001" classname="TestNG.ASearchTest"/>
  <testcase name="test" time="0.001" classname="TestNG.ASearchTest"/>
  <testcase name="test" time="0.003" classname="TestNG.ASearchTest"/>
  <testcase name="test" time="0.001" classname="TestNG.ASearchTest"/>
  <testcase name="test" time="0.001" classname="TestNG.ASearchTest"/>
  <testcase name="test" time="0.001" classname="TestNG.ASearchTest"/>
  <testcase name="test" time="0.001" classname="TestNG.ASearchTest"/>
  <testcase name="test" time="0.002" classname="TestNG.ASearchTest"/>
  <testcase name="test" time="0.003" classname="TestNG.ASearchTest"/>
  <testcase name="test" time="0.001" classname="TestNG.ASearchTest"/>
  <testcase name="test" time="0.001" classname="TestNG.ASearchTest"/>
  <testcase name="test" time="0.001" classname="TestNG.ASearchTest"/>
  <testcase name="test" time="0.001" classname="TestNG.ASearchTest"/>
  <testcase name="test" time="0.001" classname="TestNG.ASearchTest"/>
  <testcase name="test" time="0.001" classname="TestNG.ASearchTest"/>
  <testcase name="test" time="0.001" classname="TestNG.ASearchTest"/>
  <testcase name="test" time="0.001" classname="TestNG.ASearchTest"/>
  <testcase name="test" time="0.002" classname="TestNG.ASearchTest"/>
  <testcase name="test" time="0.001" classname="TestNG.ASearchTest"/>
  <testcase name="test" time="0.002" classname="TestNG.ASearchTest"/>
  <testcase name="test" time="0.001" classname="TestNG.ASearchTest"/>
  <testcase name="test" time="0.001" classname="TestNG.ASearchTest"/>
  <testcase name="test" time="0.001" classname="TestNG.ASearchTest"/>
  <testcase name="test" time="0.001" classname="TestNG.ASearchTest"/>
  <testcase name="test" time="0.001" classname="TestNG.ASearchTest"/>
  <testcase name="test" time="0.001" classname="TestNG.ASearchTest"/>
  <testcase name="test" time="0.001" classname="TestNG.ASearchTest"/>
  <testcase name="test" time="0.001" classname="TestNG.ASearchTest"/>
  <testcase name="test" time="0.001" classname="TestNG.ASearchTest"/>
  <testcase name="test" time="0.001" classname="TestNG.ASearchTest"/>
  <testcase name="test" time="0.001" classname="TestNG.ASearchTest"/>
  <testcase name="test" time="0.001" classname="TestNG.ASearchTest"/>
  <testcase name="test" time="0.001" classname="TestNG.ASearchTest"/>
  <testcase name="test" time="0.004" classname="TestNG.ASearchTest"/>
  <testcase name="test" time="0.001" classname="TestNG.ASearchTest"/>
  <testcase name="test" time="0.001" classname="TestNG.ASearchTest"/>
  <testcase name="test" time="0.001" classname="TestNG.ASearchTest"/>
  <testcase name="test" time="0.000" classname="TestNG.ASearchTest"/>
  <testcase name="test" time="0.001" classname="TestNG.ASearchTest"/>
  <testcase name="test" time="0.001" classname="TestNG.ASearchTest"/>
  <testcase name="test" time="0.001" classname="TestNG.ASearchTest"/>
  <testcase name="test" time="0.001" classname="TestNG.ASearchTest"/>
  <testcase name="test" time="0.001" classname="TestNG.ASearchTest"/>
  <testcase name="test" time="0.001" classname="TestNG.ASearchTest"/>
  <testcase name="test" time="0.001" classname="TestNG.ASearchTest"/>
  <testcase name="test" time="0.001" classname="TestNG.ASearchTest"/>
  <testcase name="test" time="0.001" classname="TestNG.ASearchTest"/>
  <testcase name="test" time="0.001" classname="TestNG.ASearchTest"/>
  <testcase name="test" time="0.001" classname="TestNG.ASearchTest"/>
  <testcase name="test" time="0.001" classname="TestNG.ASearchTest"/>
  <testcase name="test" time="0.001" classname="TestNG.ASearchTest"/>
  <testcase name="test" time="0.000" classname="TestNG.ASearchTest"/>
  <testcase name="test" time="0.001" classname="TestNG.ASearchTest"/>
  <testcase name="test" time="0.001" classname="TestNG.ASearchTest"/>
  <testcase name="test" time="0.001" classname="TestNG.ASearchTest"/>
  <testcase name="test" time="0.001" classname="TestNG.ASearchTest"/>
  <testcase name="test" time="0.001" classname="TestNG.ASearchTest"/>
  <testcase name="test" time="0.001" classname="TestNG.ASearchTest"/>
  <testcase name="test" time="0.001" classname="TestNG.ASearchTest"/>
  <testcase name="test" time="0.001" classname="TestNG.ASearchTest"/>
  <testcase name="test" time="0.001" classname="TestNG.ASearchTest"/>
  <testcase name="test" time="0.002" classname="TestNG.ASearchTest"/>
  <testcase name="test" time="0.001" classname="TestNG.ASearchTest"/>
  <testcase name="test" time="0.001" classname="TestNG.ASearchTest"/>
  <testcase name="test" time="0.001" classname="TestNG.ASearchTest"/>
  <testcase name="test" time="0.001" classname="TestNG.ASearchTest"/>
  <testcase name="test" time="0.001" classname="TestNG.ASearchTest"/>
  <testcase name="test" time="0.001" classname="TestNG.ASearchTest"/>
  <testcase name="test" time="0.002" classname="TestNG.ASearchTest"/>
  <testcase name="test" time="0.000" classname="TestNG.ASearchTest"/>
  <testcase name="test" time="0.001" classname="TestNG.ASearchTest"/>
  <testcase name="test" time="0.001" classname="TestNG.ASearchTest"/>
  <testcase name="test" time="0.001" classname="TestNG.ASearchTest"/>
  <testcase name="test" time="0.001" classname="TestNG.ASearchTest"/>
  <testcase name="test" time="0.001" classname="TestNG.ASearchTest"/>
  <testcase name="test" time="0.001" classname="TestNG.ASearchTest"/>
  <testcase name="test" time="0.001" classname="TestNG.ASearchTest"/>
  <testcase name="test" time="0.001" classname="TestNG.ASearchTest"/>
  <testcase name="test" time="0.005" classname="TestNG.ASearchTest"/>
  <testcase name="test" time="0.001" classname="TestNG.ASearchTest"/>
  <testcase name="test" time="0.001" classname="TestNG.ASearchTest"/>
  <testcase name="test" time="0.001" classname="TestNG.ASearchTest"/>
  <testcase name="test" time="0.000" classname="TestNG.ASearchTest"/>
  <testcase name="test" time="0.001" classname="TestNG.ASearchTest"/>
  <testcase name="test" time="0.001" classname="TestNG.ASearchTest"/>
  <testcase name="test" time="0.001" classname="TestNG.ASearchTest"/>
  <testcase name="test" time="0.001" classname="TestNG.ASearchTest"/>
  <testcase name="test" time="0.001" classname="TestNG.ASearchTest"/>
  <testcase name="test" time="0.002" classname="TestNG.ASearchTest"/>
  <testcase name="test" time="0.004" classname="TestNG.ASearchTest"/>
  <testcase name="test" time="0.001" classname="TestNG.ASearchTest"/>
  <testcase name="test" time="0.001" classname="TestNG.ASearchTest"/>
  <testcase name="test" time="0.001" classname="TestNG.ASearchTest"/>
  <testcase name="test" time="0.001" classname="TestNG.ASearchTest"/>
  <testcase name="test" time="0.001" classname="TestNG.ASearchTest"/>
  <testcase name="test" time="0.001" classname="TestNG.ASearchTest"/>
  <testcase name="test" time="0.001" classname="TestNG.ASearchTest"/>
  <testcase name="test" time="0.001" classname="TestNG.ASearchTest"/>
  <testcase name="test" time="0.001" classname="TestNG.ASearchTest"/>
  <testcase name="test" time="0.001" classname="TestNG.ASearchTest"/>
  <testcase name="test" time="0.001" classname="TestNG.ASearchTest"/>
  <testcase name="test" time="0.001" classname="TestNG.ASearchTest"/>
  <testcase name="test" time="0.001" classname="TestNG.ASearchTest"/>
  <testcase name="test" time="0.001" classname="TestNG.ASearchTest"/>
  <testcase name="test" time="0.001" classname="TestNG.ASearchTest"/>
  <testcase name="test" time="0.001" classname="TestNG.ASearchTest"/>
  <testcase name="test" time="0.001" classname="TestNG.ASearchTest"/>
  <testcase name="test" time="0.001" classname="TestNG.ASearchTest"/>
  <testcase name="test" time="0.001" classname="TestNG.ASearchTest"/>
  <testcase name="test" time="0.001" classname="TestNG.ASearchTest"/>
  <testcase name="test" time="0.001" classname="TestNG.ASearchTest"/>
  <testcase name="test" time="0.001" classname="TestNG.ASearchTest"/>
  <testcase name="test" time="0.001" classname="TestNG.ASearchTest"/>
  <testcase name="test" time="0.002" classname="TestNG.ASearchTest"/>
  <testcase name="test" time="0.001" classname="TestNG.ASearchTest"/>
  <testcase name="test" time="0.001" classname="TestNG.ASearchTest"/>
  <testcase name="test" time="0.001" classname="TestNG.ASearchTest"/>
  <testcase name="test" time="0.002" classname="TestNG.ASearchTest"/>
  <testcase name="test" time="0.001" classname="TestNG.ASearchTest"/>
  <testcase name="test" time="0.001" classname="TestNG.ASearchTest"/>
  <testcase name="test" time="0.001" classname="TestNG.ASearchTest"/>
  <testcase name="test" time="0.001" classname="TestNG.ASearchTest"/>
  <testcase name="test" time="0.001" classname="TestNG.ASearchTest"/>
  <testcase name="test" time="0.001" classname="TestNG.ASearchTest"/>
  <testcase name="test" time="0.001" classname="TestNG.ASearchTest"/>
  <testcase name="test" time="0.001" classname="TestNG.ASearchTest"/>
  <testcase name="test" time="0.002" classname="TestNG.ASearchTest"/>
  <testcase name="test" time="0.001" classname="TestNG.ASearchTest"/>
  <testcase name="test" time="0.024" classname="TestNG.ASearchTest"/>
  <testcase name="test" time="0.000" classname="TestNG.ASearchTest"/>
  <testcase name="test" time="0.001" classname="TestNG.ASearchTest"/>
  <testcase name="test" time="0.001" classname="TestNG.ASearchTest"/>
  <testcase name="test" time="0.001" classname="TestNG.ASearchTest"/>
  <testcase name="test" time="0.001" classname="TestNG.ASearchTest"/>
  <testcase name="test" time="0.004" classname="TestNG.ASearchTest"/>
  <testcase name="test" time="0.000" classname="TestNG.ASearchTest"/>
  <testcase name="test" time="0.001" classname="TestNG.ASearchTest"/>
  <testcase name="test" time="0.001" classname="TestNG.ASearchTest"/>
  <testcase name="test" time="0.001" classname="TestNG.ASearchTest"/>
  <testcase name="test" time="0.004" classname="TestNG.ASearchTest"/>
  <testcase name="test" time="0.001" classname="TestNG.ASearchTest"/>
  <testcase name="test" time="0.001" classname="TestNG.ASearchTest"/>
  <testcase name="test" time="0.001" classname="TestNG.ASearchTest"/>
  <testcase name="test" time="0.001" classname="TestNG.ASearchTest"/>
  <testcase name="test" time="0.001" classname="TestNG.ASearchTest"/>
  <testcase name="test" time="0.000" classname="TestNG.ASearchTest"/>
  <testcase name="test" time="0.000" classname="TestNG.ASearchTest"/>
  <testcase name="test" time="0.001" classname="TestNG.ASearchTest"/>
  <testcase name="test" time="0.001" classname="TestNG.ASearchTest"/>
  <testcase name="test" time="0.001" classname="TestNG.ASearchTest"/>
  <testcase name="test" time="0.001" classname="TestNG.ASearchTest"/>
  <testcase name="test" time="0.001" classname="TestNG.ASearchTest"/>
  <testcase name="test" time="0.000" classname="TestNG.ASearchTest"/>
  <testcase name="test" time="0.001" classname="TestNG.ASearchTest"/>
  <testcase name="test" time="0.001" classname="TestNG.ASearchTest"/>
  <testcase name="test" time="0.001" classname="TestNG.ASearchTest"/>
  <testcase name="test" time="0.001" classname="TestNG.ASearchTest"/>
  <testcase name="test" time="0.001" classname="TestNG.ASearchTest"/>
  <testcase name="test" time="0.001" classname="TestNG.ASearchTest"/>
  <testcase name="test" time="0.001" classname="TestNG.ASearchTest"/>
  <testcase name="test" time="0.001" classname="TestNG.ASearchTest"/>
  <testcase name="test" time="0.002" classname="TestNG.ASearchTest"/>
  <testcase name="test" time="0.001" classname="TestNG.ASearchTest"/>
  <testcase name="test" time="0.001" classname="TestNG.ASearchTest"/>
  <testcase name="test" time="0.001" classname="TestNG.ASearchTest"/>
  <testcase name="test" time="0.001" classname="TestNG.ASearchTest"/>
  <testcase name="test" time="0.001" classname="TestNG.ASearchTest"/>
  <testcase name="test" time="0.000" classname="TestNG.ASearchTest"/>
  <testcase name="test" time="0.001" classname="TestNG.ASearchTest"/>
  <testcase name="test" time="0.001" classname="TestNG.ASearchTest"/>
  <testcase name="test" time="0.002" classname="TestNG.ASearchTest"/>
  <testcase name="test" time="0.001" classname="TestNG.ASearchTest"/>
  <testcase name="test" time="0.001" classname="TestNG.ASearchTest"/>
  <testcase name="test" time="0.002" classname="TestNG.ASearchTest"/>
  <testcase name="test" time="0.001" classname="TestNG.ASearchTest"/>
  <testcase name="test" time="0.001" classname="TestNG.ASearchTest"/>
  <testcase name="test" time="0.002" classname="TestNG.ASearchTest"/>
  <testcase name="test" time="0.001" classname="TestNG.ASearchTest"/>
  <testcase name="test" time="0.001" classname="TestNG.ASearchTest"/>
  <testcase name="test" time="0.001" classname="TestNG.ASearchTest"/>
  <testcase name="test" time="0.001" classname="TestNG.ASearchTest"/>
  <testcase name="test" time="0.001" classname="TestNG.ASearchTest"/>
  <testcase name="test" time="0.002" classname="TestNG.ASearchTest"/>
  <testcase name="test" time="0.001" classname="TestNG.ASearchTest"/>
  <testcase name="test" time="0.002" classname="TestNG.ASearchTest"/>
  <testcase name="test" time="0.001" classname="TestNG.ASearchTest"/>
  <testcase name="test" time="0.001" classname="TestNG.ASearchTest"/>
  <testcase name="test" time="0.001" classname="TestNG.ASearchTest"/>
  <testcase name="test" time="0.001" classname="TestNG.ASearchTest"/>
  <testcase name="test" time="0.001" classname="TestNG.ASearchTest"/>
  <testcase name="test" time="0.001" classname="TestNG.ASearchTest"/>
  <testcase name="test" time="0.001" classname="TestNG.ASearchTest"/>
  <testcase name="test" time="0.001" classname="TestNG.ASearchTest"/>
  <testcase name="test" time="0.001" classname="TestNG.ASearchTest"/>
  <testcase name="test" time="0.001" classname="TestNG.ASearchTest"/>
  <testcase name="test" time="0.001" classname="TestNG.ASearchTest"/>
  <testcase name="test" time="0.001" classname="TestNG.ASearchTest"/>
  <testcase name="test" time="0.000" classname="TestNG.ASearchTest"/>
  <testcase name="test" time="0.002" classname="TestNG.ASearchTest"/>
  <testcase name="test" time="0.001" classname="TestNG.ASearchTest"/>
  <testcase name="test" time="0.001" classname="TestNG.ASearchTest"/>
  <testcase name="test" time="0.001" classname="TestNG.ASearchTest"/>
  <testcase name="test" time="0.001" classname="TestNG.ASearchTest"/>
  <testcase name="test" time="0.001" classname="TestNG.ASearchTest"/>
  <testcase name="test" time="0.001" classname="TestNG.ASearchTest"/>
  <testcase name="test" time="0.001" classname="TestNG.ASearchTest"/>
  <testcase name="test" time="0.004" classname="TestNG.ASearchTest"/>
  <testcase name="test" time="0.001" classname="TestNG.ASearchTest"/>
  <testcase name="test" time="0.001" classname="TestNG.ASearchTest"/>
  <testcase name="test" time="0.001" classname="TestNG.ASearchTest"/>
  <testcase name="test" time="0.001" classname="TestNG.ASearchTest"/>
  <testcase name="test" time="0.001" classname="TestNG.ASearchTest"/>
  <testcase name="test" time="0.001" classname="TestNG.ASearchTest"/>
  <testcase name="test" time="0.001" classname="TestNG.ASearchTest"/>
  <testcase name="test" time="0.001" classname="TestNG.ASearchTest"/>
  <testcase name="test" time="0.001" classname="TestNG.ASearchTest"/>
  <testcase name="test" time="0.002" classname="TestNG.ASearchTest"/>
  <testcase name="test" time="0.001" classname="TestNG.ASearchTest"/>
  <testcase name="test" time="0.001" classname="TestNG.ASearchTest"/>
  <testcase name="test" time="0.001" classname="TestNG.ASearchTest"/>
  <testcase name="test" time="0.001" classname="TestNG.ASearchTest"/>
  <testcase name="test" time="0.000" classname="TestNG.ASearchTest"/>
  <testcase name="test" time="0.001" classname="TestNG.ASearchTest"/>
  <testcase name="test" time="0.001" classname="TestNG.ASearchTest"/>
  <testcase name="test" time="0.001" classname="TestNG.ASearchTest"/>
  <testcase name="test" time="0.002" classname="TestNG.ASearchTest"/>
  <testcase name="test" time="0.001" classname="TestNG.ASearchTest"/>
  <testcase name="test" time="0.001" classname="TestNG.ASearchTest"/>
  <testcase name="test" time="0.001" classname="TestNG.ASearchTest"/>
  <testcase name="test" time="0.004" classname="TestNG.ASearchTest"/>
  <testcase name="test" time="0.001" classname="TestNG.ASearchTest"/>
  <testcase name="test" time="0.000" classname="TestNG.ASearchTest"/>
  <testcase name="test" time="0.002" classname="TestNG.ASearchTest"/>
  <testcase name="test" time="0.001" classname="TestNG.ASearchTest"/>
  <testcase name="test" time="0.001" classname="TestNG.ASearchTest"/>
  <testcase name="test" time="0.000" classname="TestNG.ASearchTest"/>
  <testcase name="test" time="0.001" classname="TestNG.ASearchTest"/>
  <testcase name="test" time="0.002" classname="TestNG.ASearchTest"/>
  <testcase name="test" time="0.003" classname="TestNG.ASearchTest"/>
  <testcase name="test" time="0.001" classname="TestNG.ASearchTest"/>
  <testcase name="test" time="0.000" classname="TestNG.ASearchTest"/>
  <testcase name="test" time="0.004" classname="TestNG.ASearchTest"/>
  <testcase name="test" time="0.001" classname="TestNG.ASearchTest"/>
  <testcase name="test" time="0.001" classname="TestNG.ASearchTest"/>
  <testcase name="test" time="0.001" classname="TestNG.ASearchTest"/>
  <testcase name="test" time="0.001" classname="TestNG.ASearchTest"/>
  <testcase name="test" time="0.002" classname="TestNG.ASearchTest"/>
  <testcase name="test" time="0.001" classname="TestNG.ASearchTest"/>
  <testcase name="test" time="0.001" classname="TestNG.ASearchTest"/>
  <testcase name="test" time="0.001" classname="TestNG.ASearchTest"/>
  <testcase name="test" time="0.001" classname="TestNG.ASearchTest"/>
  <testcase name="test" time="0.001" classname="TestNG.ASearchTest"/>
  <testcase name="test" time="0.001" classname="TestNG.ASearchTest"/>
  <testcase name="test" time="0.005" classname="TestNG.ASearchTest"/>
  <testcase name="test" time="0.001" classname="TestNG.ASearchTest"/>
  <testcase name="test" time="0.002" classname="TestNG.ASearchTest"/>
  <testcase name="test" time="0.001" classname="TestNG.ASearchTest"/>
  <testcase name="test" time="0.001" classname="TestNG.ASearchTest"/>
  <testcase name="test" time="0.001" classname="TestNG.ASearchTest"/>
  <testcase name="test" time="0.001" classname="TestNG.ASearchTest"/>
  <testcase name="test" time="0.001" classname="TestNG.ASearchTest"/>
  <testcase name="test" time="0.001" classname="TestNG.ASearchTest"/>
  <testcase name="test" time="0.001" classname="TestNG.ASearchTest"/>
  <testcase name="test" time="0.001" classname="TestNG.ASearchTest"/>
  <testcase name="test" time="0.010" classname="TestNG.ASearchTest"/>
  <testcase name="test" time="0.001" classname="TestNG.ASearchTest"/>
  <testcase name="test" time="0.001" classname="TestNG.ASearchTest"/>
  <testcase name="test" time="0.001" classname="TestNG.ASearchTest"/>
  <testcase name="test" time="0.001" classname="TestNG.ASearchTest"/>
  <testcase name="test" time="0.001" classname="TestNG.ASearchTest"/>
  <testcase name="test" time="0.001" classname="TestNG.ASearchTest"/>
  <testcase name="test" time="0.001" classname="TestNG.ASearchTest"/>
  <testcase name="test" time="0.001" classname="TestNG.ASearchTest"/>
  <testcase name="test" time="0.001" classname="TestNG.ASearchTest"/>
  <testcase name="test" time="0.001" classname="TestNG.ASearchTest"/>
  <testcase name="test" time="0.001" classname="TestNG.ASearchTest"/>
  <testcase name="test" time="0.001" classname="TestNG.ASearchTest"/>
  <testcase name="test" time="0.001" classname="TestNG.ASearchTest"/>
  <testcase name="test" time="0.003" classname="TestNG.ASearchTest"/>
  <testcase name="test" time="0.001" classname="TestNG.ASearchTest"/>
  <testcase name="test" time="0.001" classname="TestNG.ASearchTest"/>
  <testcase name="test" time="0.000" classname="TestNG.ASearchTest"/>
  <testcase name="test" time="0.001" classname="TestNG.ASearchTest"/>
  <testcase name="test" time="0.001" classname="TestNG.ASearchTest"/>
  <testcase name="test" time="0.000" classname="TestNG.ASearchTest"/>
  <testcase name="test" time="0.001" classname="TestNG.ASearchTest"/>
  <testcase name="test" time="0.001" classname="TestNG.ASearchTest"/>
  <testcase name="test" time="0.001" classname="TestNG.ASearchTest"/>
  <testcase name="test" time="0.001" classname="TestNG.ASearchTest"/>
  <testcase name="test" time="0.001" classname="TestNG.ASearchTest"/>
  <testcase name="test" time="0.003" classname="TestNG.ASearchTest"/>
  <testcase name="test" time="0.001" classname="TestNG.ASearchTest"/>
  <testcase name="test" time="0.000" classname="TestNG.ASearchTest"/>
  <testcase name="test" time="0.000" classname="TestNG.ASearchTest"/>
  <testcase name="test" time="0.002" classname="TestNG.ASearchTest"/>
  <testcase name="test" time="0.001" classname="TestNG.ASearchTest"/>
  <testcase name="test" time="0.001" classname="TestNG.ASearchTest"/>
  <testcase name="test" time="0.001" classname="TestNG.ASearchTest"/>
  <testcase name="test" time="0.001" classname="TestNG.ASearchTest"/>
  <testcase name="test" time="0.001" classname="TestNG.ASearchTest"/>
  <testcase name="test" time="0.002" classname="TestNG.ASearchTest"/>
  <testcase name="test" time="0.001" classname="TestNG.ASearchTest"/>
  <testcase name="test" time="0.001" classname="TestNG.ASearchTest"/>
  <testcase name="test" time="0.004" classname="TestNG.ASearchTest"/>
  <testcase name="test" time="0.001" classname="TestNG.ASearchTest"/>
  <testcase name="test" time="0.001" classname="TestNG.ASearchTest"/>
  <testcase name="test" time="0.001" classname="TestNG.ASearchTest"/>
  <testcase name="test" time="0.001" classname="TestNG.ASearchTest"/>
  <testcase name="test" time="0.000" classname="TestNG.ASearchTest"/>
  <testcase name="test" time="0.001" classname="TestNG.ASearchTest"/>
  <testcase name="test" time="0.001" classname="TestNG.ASearchTest"/>
  <testcase name="test" time="0.000" classname="TestNG.ASearchTest"/>
  <testcase name="test" time="0.001" classname="TestNG.ASearchTest"/>
  <testcase name="test" time="0.002" classname="TestNG.ASearchTest"/>
  <testcase name="test" time="0.001" classname="TestNG.ASearchTest"/>
  <testcase name="test" time="0.001" classname="TestNG.ASearchTest"/>
  <testcase name="test" time="0.001" classname="TestNG.ASearchTest"/>
  <testcase name="test" time="0.001" classname="TestNG.ASearchTest"/>
  <testcase name="test" time="0.007" classname="TestNG.ASearchTest"/>
  <testcase name="test" time="0.001" classname="TestNG.ASearchTest"/>
  <testcase name="test" time="0.001" classname="TestNG.ASearchTest"/>
  <testcase name="test" time="0.002" classname="TestNG.ASearchTest"/>
  <testcase name="test" time="0.001" classname="TestNG.ASearchTest"/>
  <testcase name="test" time="0.001" classname="TestNG.ASearchTest"/>
  <testcase name="test" time="0.001" classname="TestNG.ASearchTest"/>
  <testcase name="test" time="0.001" classname="TestNG.ASearchTest"/>
  <testcase name="test" time="0.001" classname="TestNG.ASearchTest"/>
  <testcase name="test" time="0.001" classname="TestNG.ASearchTest"/>
  <testcase name="test" time="0.001" classname="TestNG.ASearchTest"/>
  <testcase name="test" time="0.001" classname="TestNG.ASearchTest"/>
  <testcase name="test" time="0.001" classname="TestNG.ASearchTest"/>
  <testcase name="test" time="0.001" classname="TestNG.ASearchTest"/>
  <testcase name="test" time="0.001" classname="TestNG.ASearchTest"/>
  <testcase name="test" time="0.001" classname="TestNG.ASearchTest"/>
  <testcase name="test" time="0.001" classname="TestNG.ASearchTest"/>
  <testcase name="test" time="0.001" classname="TestNG.ASearchTest"/>
  <testcase name="test" time="0.001" classname="TestNG.ASearchTest"/>
  <testcase name="test" time="0.001" classname="TestNG.ASearchTest"/>
  <testcase name="test" time="0.001" classname="TestNG.ASearchTest"/>
  <testcase name="test" time="0.000" classname="TestNG.ASearchTest"/>
  <testcase name="test" time="0.001" classname="TestNG.ASearchTest"/>
  <testcase name="test" time="0.002" classname="TestNG.ASearchTest"/>
  <testcase name="test" time="0.001" classname="TestNG.ASearchTest"/>
  <testcase name="test" time="0.000" classname="TestNG.ASearchTest"/>
  <testcase name="test" time="0.002" classname="TestNG.ASearchTest"/>
  <testcase name="test" time="0.001" classname="TestNG.ASearchTest"/>
  <testcase name="test" time="0.001" classname="TestNG.ASearchTest"/>
  <testcase name="test" time="0.001" classname="TestNG.ASearchTest"/>
  <testcase name="test" time="0.001" classname="TestNG.ASearchTest"/>
  <testcase name="test" time="0.003" classname="TestNG.ASearchTest"/>
  <testcase name="test" time="0.001" classname="TestNG.ASearchTest"/>
  <testcase name="test" time="0.001" classname="TestNG.ASearchTest"/>
  <testcase name="test" time="0.001" classname="TestNG.ASearchTest"/>
  <testcase name="test" time="0.000" classname="TestNG.ASearchTest"/>
  <testcase name="test" time="0.001" classname="TestNG.ASearchTest"/>
  <testcase name="test" time="0.000" classname="TestNG.ASearchTest"/>
  <testcase name="test" time="0.001" classname="TestNG.ASearchTest"/>
  <testcase name="test" time="0.001" classname="TestNG.ASearchTest"/>
  <testcase name="test" time="0.002" classname="TestNG.ASearchTest"/>
  <testcase name="test" time="0.001" classname="TestNG.ASearchTest"/>
  <testcase name="test" time="0.001" classname="TestNG.ASearchTest"/>
  <testcase name="test" time="0.001" classname="TestNG.ASearchTest"/>
  <testcase name="test" time="0.001" classname="TestNG.ASearchTest"/>
  <testcase name="test" time="0.003" classname="TestNG.ASearchTest"/>
  <testcase name="test" time="0.001" classname="TestNG.ASearchTest"/>
  <testcase name="test" time="0.001" classname="TestNG.ASearchTest"/>
  <testcase name="test" time="0.001" classname="TestNG.ASearchTest"/>
  <testcase name="test" time="0.001" classname="TestNG.ASearchTest"/>
  <testcase name="test" time="0.001" classname="TestNG.ASearchTest"/>
  <testcase name="test" time="0.000" classname="TestNG.ASearchTest"/>
  <testcase name="test" time="0.001" classname="TestNG.ASearchTest"/>
  <testcase name="test" time="0.001" classname="TestNG.ASearchTest"/>
  <testcase name="test" time="0.001" classname="TestNG.ASearchTest"/>
  <testcase name="test" time="0.001" classname="TestNG.ASearchTest"/>
  <testcase name="test" time="0.001" classname="TestNG.ASearchTest"/>
  <testcase name="test" time="0.270" classname="TestNG.ASearchTest"/>
  <testcase name="test" time="0.000" classname="TestNG.ASearchTest"/>
  <testcase name="test" time="0.001" classname="TestNG.ASearchTest"/>
  <testcase name="test" time="0.011" classname="TestNG.ASearchTest"/>
  <testcase name="test" time="0.001" classname="TestNG.ASearchTest"/>
  <testcase name="test" time="0.001" classname="TestNG.ASearchTest"/>
  <testcase name="test" time="0.001" classname="TestNG.ASearchTest"/>
  <testcase name="test" time="0.001" classname="TestNG.ASearchTest"/>
  <testcase name="test" time="0.001" classname="TestNG.ASearchTest"/>
  <testcase name="test" time="0.001" classname="TestNG.ASearchTest"/>
  <testcase name="test" time="0.000" classname="TestNG.ASearchTest"/>
  <testcase name="test" time="0.001" classname="TestNG.ASearchTest"/>
  <testcase name="test" time="0.001" classname="TestNG.ASearchTest"/>
  <testcase name="test" time="0.001" classname="TestNG.ASearchTest"/>
  <testcase name="test" time="0.001" classname="TestNG.ASearchTest"/>
  <testcase name="test" time="0.001" classname="TestNG.ASearchTest"/>
  <testcase name="test" time="0.001" classname="TestNG.ASearchTest"/>
  <testcase name="test" time="0.001" classname="TestNG.ASearchTest"/>
  <testcase name="test" time="0.003" classname="TestNG.ASearchTest"/>
  <testcase name="test" time="0.001" classname="TestNG.ASearchTest"/>
  <testcase name="test" time="0.000" classname="TestNG.ASearchTest"/>
  <testcase name="test" time="0.001" classname="TestNG.ASearchTest"/>
  <testcase name="test" time="0.001" classname="TestNG.ASearchTest"/>
  <testcase name="test" time="0.001" classname="TestNG.ASearchTest"/>
  <testcase name="test" time="0.001" classname="TestNG.ASearchTest"/>
  <testcase name="test" time="0.001" classname="TestNG.ASearchTest"/>
  <testcase name="test" time="0.001" classname="TestNG.ASearchTest"/>
  <testcase name="test" time="0.001" classname="TestNG.ASearchTest"/>
  <testcase name="test" time="0.001" classname="TestNG.ASearchTest"/>
  <testcase name="test" time="0.001" classname="TestNG.ASearchTest"/>
  <testcase name="test" time="0.001" classname="TestNG.ASearchTest"/>
  <testcase name="test" time="0.001" classname="TestNG.ASearchTest"/>
  <testcase name="test" time="0.059" classname="TestNG.ASearchTest"/>
  <testcase name="test" time="0.001" classname="TestNG.ASearchTest"/>
  <testcase name="test" time="0.001" classname="TestNG.ASearchTest"/>
  <testcase name="test" time="0.001" classname="TestNG.ASearchTest"/>
  <testcase name="test" time="0.001" classname="TestNG.ASearchTest"/>
  <testcase name="test" time="0.001" classname="TestNG.ASearchTest"/>
  <testcase name="test" time="0.001" classname="TestNG.ASearchTest"/>
  <testcase name="test" time="0.001" classname="TestNG.ASearchTest"/>
  <testcase name="test" time="0.011" classname="TestNG.ASearchTest"/>
  <testcase name="test" time="0.000" classname="TestNG.ASearchTest"/>
  <testcase name="test" time="0.001" classname="TestNG.ASearchTest"/>
  <testcase name="test" time="0.001" classname="TestNG.ASearchTest"/>
  <testcase name="test" time="0.001" classname="TestNG.ASearchTest"/>
  <testcase name="test" time="0.004" classname="TestNG.ASearchTest"/>
  <testcase name="test" time="0.001" classname="TestNG.ASearchTest"/>
  <testcase name="test" time="0.001" classname="TestNG.ASearchTest"/>
  <testcase name="test" time="0.001" classname="TestNG.ASearchTest"/>
  <testcase name="test" time="0.001" classname="TestNG.ASearchTest"/>
  <testcase name="test" time="0.001" classname="TestNG.ASearchTest"/>
  <testcase name="test" time="0.001" classname="TestNG.ASearchTest"/>
  <testcase name="test" time="0.001" classname="TestNG.ASearchTest"/>
  <testcase name="test" time="0.001" classname="TestNG.ASearchTest"/>
  <testcase name="test" time="0.001" classname="TestNG.ASearchTest"/>
  <testcase name="test" time="0.001" classname="TestNG.ASearchTest"/>
  <testcase name="test" time="0.001" classname="TestNG.ASearchTest"/>
  <testcase name="test" time="0.001" classname="TestNG.ASearchTest"/>
  <testcase name="test" time="0.001" classname="TestNG.ASearchTest"/>
  <testcase name="test" time="0.001" classname="TestNG.ASearchTest"/>
  <testcase name="test" time="0.001" classname="TestNG.ASearchTest"/>
  <testcase name="test" time="0.001" classname="TestNG.ASearchTest"/>
  <testcase name="test" time="0.001" classname="TestNG.ASearchTest"/>
  <testcase name="test" time="0.001" classname="TestNG.ASearchTest"/>
  <testcase name="test" time="0.005" classname="TestNG.ASearchTest"/>
  <testcase name="test" time="0.002" classname="TestNG.ASearchTest"/>
  <testcase name="test" time="0.000" classname="TestNG.ASearchTest"/>
  <testcase name="test" time="0.001" classname="TestNG.ASearchTest"/>
  <testcase name="test" time="0.001" classname="TestNG.ASearchTest"/>
  <testcase name="test" time="0.000" classname="TestNG.ASearchTest"/>
  <testcase name="test" time="0.001" classname="TestNG.ASearchTest"/>
  <testcase name="test" time="0.001" classname="TestNG.ASearchTest"/>
  <testcase name="test" time="0.001" classname="TestNG.ASearchTest"/>
  <testcase name="test" time="0.001" classname="TestNG.ASearchTest"/>
  <testcase name="test" time="0.001" classname="TestNG.ASearchTest"/>
  <testcase name="test" time="0.001" classname="TestNG.ASearchTest"/>
  <testcase name="test" time="0.001" classname="TestNG.ASearchTest"/>
  <testcase name="test" time="0.001" classname="TestNG.ASearchTest"/>
  <testcase name="test" time="0.004" classname="TestNG.ASearchTest"/>
  <testcase name="test" time="0.001" classname="TestNG.ASearchTest"/>
  <testcase name="test" time="0.001" classname="TestNG.ASearchTest"/>
  <testcase name="test" time="0.001" classname="TestNG.ASearchTest"/>
  <testcase name="test" time="0.001" classname="TestNG.ASearchTest"/>
  <testcase name="test" time="0.001" classname="TestNG.ASearchTest"/>
  <testcase name="test" time="0.001" classname="TestNG.ASearchTest"/>
  <testcase name="test" time="0.001" classname="TestNG.ASearchTest"/>
  <testcase name="test" time="0.002" classname="TestNG.ASearchTest"/>
  <testcase name="test" time="0.001" classname="TestNG.ASearchTest"/>
  <testcase name="test" time="0.001" classname="TestNG.ASearchTest"/>
  <testcase name="test" time="0.001" classname="TestNG.ASearchTest"/>
  <testcase name="test" time="0.001" classname="TestNG.ASearchTest"/>
  <testcase name="test" time="0.001" classname="TestNG.ASearchTest"/>
  <testcase name="test" time="0.001" classname="TestNG.ASearchTest"/>
  <testcase name="test" time="0.001" classname="TestNG.ASearchTest"/>
  <testcase name="test" time="0.001" classname="TestNG.ASearchTest"/>
  <testcase name="test" time="0.003" classname="TestNG.ASearchTest"/>
  <testcase name="test" time="0.010" classname="TestNG.ASearchTest"/>
  <testcase name="test" time="0.001" classname="TestNG.ASearchTest"/>
  <testcase name="test" time="0.001" classname="TestNG.ASearchTest"/>
  <testcase name="test" time="0.001" classname="TestNG.ASearchTest"/>
  <testcase name="test" time="0.001" classname="TestNG.ASearchTest"/>
  <testcase name="test" time="0.001" classname="TestNG.ASearchTest"/>
  <testcase name="test" time="0.001" classname="TestNG.ASearchTest"/>
  <testcase name="test" time="0.001" classname="TestNG.ASearchTest"/>
  <testcase name="test" time="0.001" classname="TestNG.ASearchTest"/>
  <testcase name="test" time="0.001" classname="TestNG.ASearchTest"/>
  <testcase name="test" time="0.001" classname="TestNG.ASearchTest"/>
  <testcase name="test" time="0.001" classname="TestNG.ASearchTest"/>
  <testcase name="test" time="0.001" classname="TestNG.ASearchTest"/>
  <testcase name="test" time="0.021" classname="TestNG.ASearchTest"/>
  <testcase name="test" time="0.001" classname="TestNG.ASearchTest"/>
  <testcase name="test" time="0.001" classname="TestNG.ASearchTest"/>
  <testcase name="test" time="0.001" classname="TestNG.ASearchTest"/>
  <testcase name="test" time="0.001" classname="TestNG.ASearchTest"/>
  <testcase name="test" time="0.001" classname="TestNG.ASearchTest"/>
  <testcase name="test" time="0.001" classname="TestNG.ASearchTest"/>
  <testcase name="test" time="0.001" classname="TestNG.ASearchTest"/>
  <testcase name="test" time="0.001" classname="TestNG.ASearchTest"/>
  <testcase name="test" time="0.008" classname="TestNG.ASearchTest"/>
  <testcase name="test" time="0.001" classname="TestNG.ASearchTest"/>
  <testcase name="test" time="0.001" classname="TestNG.ASearchTest"/>
  <testcase name="test" time="0.001" classname="TestNG.ASearchTest"/>
  <testcase name="test" time="0.001" classname="TestNG.ASearchTest"/>
  <testcase name="test" time="0.001" classname="TestNG.ASearchTest"/>
  <testcase name="test" time="0.001" classname="TestNG.ASearchTest"/>
  <testcase name="test" time="0.001" classname="TestNG.ASearchTest"/>
  <testcase name="test" time="0.001" classname="TestNG.ASearchTest"/>
  <testcase name="test" time="0.000" classname="TestNG.ASearchTest"/>
  <testcase name="test" time="0.001" classname="TestNG.ASearchTest"/>
  <testcase name="test" time="0.000" classname="TestNG.ASearchTest"/>
  <testcase name="test" time="0.002" classname="TestNG.ASearchTest"/>
  <testcase name="test" time="0.001" classname="TestNG.ASearchTest"/>
  <testcase name="test" time="0.001" classname="TestNG.ASearchTest"/>
  <testcase name="test" time="0.001" classname="TestNG.ASearchTest"/>
  <testcase name="test" time="0.001" classname="TestNG.ASearchTest"/>
  <testcase name="test" time="0.001" classname="TestNG.ASearchTest"/>
  <testcase name="test" time="0.007" classname="TestNG.ASearchTest"/>
  <testcase name="test" time="0.001" classname="TestNG.ASearchTest"/>
  <testcase name="test" time="0.001" classname="TestNG.ASearchTest"/>
  <testcase name="test" time="0.001" classname="TestNG.ASearchTest"/>
  <testcase name="test" time="0.001" classname="TestNG.ASearchTest"/>
  <testcase name="test" time="0.004" classname="TestNG.ASearchTest"/>
  <testcase name="test" time="0.010" classname="TestNG.ASearchTest"/>
  <testcase name="test" time="0.001" classname="TestNG.ASearchTest"/>
  <testcase name="test" time="0.001" classname="TestNG.ASearchTest"/>
  <testcase name="test" time="0.001" classname="TestNG.ASearchTest"/>
  <testcase name="test" time="0.002" classname="TestNG.ASearchTest"/>
  <testcase name="test" time="0.001" classname="TestNG.ASearchTest"/>
  <testcase name="test" time="0.001" classname="TestNG.ASearchTest"/>
  <testcase name="test" time="0.001" classname="TestNG.ASearchTest"/>
  <testcase name="test" time="0.002" classname="TestNG.ASearchTest"/>
  <testcase name="test" time="0.001" classname="TestNG.ASearchTest"/>
  <testcase name="test" time="0.001" classname="TestNG.ASearchTest"/>
  <testcase name="test" time="0.001" classname="TestNG.ASearchTest"/>
  <testcase name="test" time="0.001" classname="TestNG.ASearchTest"/>
  <testcase name="test" time="0.001" classname="TestNG.ASearchTest"/>
  <testcase name="test" time="0.001" classname="TestNG.ASearchTest"/>
  <testcase name="test" time="0.001" classname="TestNG.ASearchTest"/>
  <testcase name="test" time="0.001" classname="TestNG.ASearchTest"/>
  <testcase name="test" time="0.001" classname="TestNG.ASearchTest"/>
  <testcase name="test" time="0.001" classname="TestNG.ASearchTest"/>
  <testcase name="test" time="0.001" classname="TestNG.ASearchTest"/>
  <testcase name="test" time="0.001" classname="TestNG.ASearchTest"/>
  <testcase name="test" time="0.002" classname="TestNG.ASearchTest"/>
  <testcase name="test" time="0.002" classname="TestNG.ASearchTest"/>
  <testcase name="test" time="0.009" classname="TestNG.ASearchTest"/>
  <testcase name="test" time="0.001" classname="TestNG.ASearchTest"/>
  <testcase name="test" time="0.001" classname="TestNG.ASearchTest"/>
  <testcase name="test" time="0.001" classname="TestNG.ASearchTest"/>
  <testcase name="test" time="0.001" classname="TestNG.ASearchTest"/>
  <testcase name="test" time="0.001" classname="TestNG.ASearchTest"/>
  <testcase name="test" time="0.002" classname="TestNG.ASearchTest"/>
  <testcase name="test" time="0.001" classname="TestNG.ASearchTest"/>
  <testcase name="test" time="0.002" classname="TestNG.ASearchTest"/>
  <testcase name="test" time="0.001" classname="TestNG.ASearchTest"/>
  <testcase name="test" time="0.002" classname="TestNG.ASearchTest"/>
  <testcase name="test" time="0.001" classname="TestNG.ASearchTest"/>
  <testcase name="test" time="0.002" classname="TestNG.ASearchTest"/>
  <testcase name="test" time="0.001" classname="TestNG.ASearchTest"/>
  <testcase name="test" time="0.001" classname="TestNG.ASearchTest"/>
  <testcase name="test" time="0.001" classname="TestNG.ASearchTest"/>
  <testcase name="test" time="0.003" classname="TestNG.ASearchTest"/>
  <testcase name="test" time="0.001" classname="TestNG.ASearchTest"/>
  <testcase name="test" time="0.001" classname="TestNG.ASearchTest"/>
  <testcase name="test" time="0.001" classname="TestNG.ASearchTest"/>
  <testcase name="test" time="0.001" classname="TestNG.ASearchTest"/>
  <testcase name="test" time="0.001" classname="TestNG.ASearchTest"/>
  <testcase name="test" time="0.001" classname="TestNG.ASearchTest"/>
  <testcase name="test" time="0.001" classname="TestNG.ASearchTest"/>
  <testcase name="test" time="0.001" classname="TestNG.ASearchTest"/>
  <testcase name="test" time="0.001" classname="TestNG.ASearchTest"/>
  <testcase name="test" time="0.001" classname="TestNG.ASearchTest"/>
  <testcase name="test" time="0.001" classname="TestNG.ASearchTest"/>
  <testcase name="test" time="0.001" classname="TestNG.ASearchTest"/>
  <testcase name="test" time="0.001" classname="TestNG.ASearchTest"/>
  <testcase name="test" time="0.001" classname="TestNG.ASearchTest"/>
  <testcase name="test" time="0.001" classname="TestNG.ASearchTest"/>
  <testcase name="test" time="0.001" classname="TestNG.ASearchTest"/>
  <testcase name="test" time="0.001" classname="TestNG.ASearchTest"/>
  <testcase name="test" time="0.001" classname="TestNG.ASearchTest"/>
  <testcase name="test" time="0.002" classname="TestNG.ASearchTest"/>
  <testcase name="test" time="0.001" classname="TestNG.ASearchTest"/>
  <testcase name="test" time="0.001" classname="TestNG.ASearchTest"/>
  <testcase name="test" time="0.001" classname="TestNG.ASearchTest"/>
  <testcase name="test" time="0.001" classname="TestNG.ASearchTest"/>
  <testcase name="test" time="0.001" classname="TestNG.ASearchTest"/>
  <testcase name="test" time="0.001" classname="TestNG.ASearchTest"/>
  <testcase name="test" time="0.001" classname="TestNG.ASearchTest"/>
  <testcase name="test" time="0.001" classname="TestNG.ASearchTest"/>
  <testcase name="test" time="0.001" classname="TestNG.ASearchTest"/>
  <testcase name="test" time="0.001" classname="TestNG.ASearchTest"/>
  <testcase name="test" time="0.000" classname="TestNG.ASearchTest"/>
  <testcase name="test" time="0.000" classname="TestNG.ASearchTest"/>
  <testcase name="test" time="0.001" classname="TestNG.ASearchTest"/>
  <testcase name="test" time="0.001" classname="TestNG.ASearchTest"/>
  <testcase name="test" time="0.001" classname="TestNG.ASearchTest"/>
  <testcase name="test" time="0.001" classname="TestNG.ASearchTest"/>
  <testcase name="test" time="0.000" classname="TestNG.ASearchTest"/>
  <testcase name="test" time="0.001" classname="TestNG.ASearchTest"/>
  <testcase name="test" time="0.001" classname="TestNG.ASearchTest"/>
  <testcase name="test" time="0.001" classname="TestNG.ASearchTest"/>
  <testcase name="test" time="0.001" classname="TestNG.ASearchTest"/>
  <testcase name="test" time="0.001" classname="TestNG.ASearchTest"/>
  <testcase name="test" time="0.001" classname="TestNG.ASearchTest"/>
  <testcase name="test" time="0.001" classname="TestNG.ASearchTest"/>
  <testcase name="test" time="0.001" classname="TestNG.ASearchTest"/>
  <testcase name="test" time="0.001" classname="TestNG.ASearchTest"/>
  <testcase name="test" time="0.001" classname="TestNG.ASearchTest"/>
  <testcase name="test" time="0.001" classname="TestNG.ASearchTest"/>
  <testcase name="test" time="0.001" classname="TestNG.ASearchTest"/>
  <testcase name="test" time="0.001" classname="TestNG.ASearchTest"/>
  <testcase name="test" time="0.003" classname="TestNG.ASearchTest"/>
  <testcase name="test" time="0.001" classname="TestNG.ASearchTest"/>
  <testcase name="test" time="0.001" classname="TestNG.ASearchTest"/>
  <testcase name="test" time="0.001" classname="TestNG.ASearchTest"/>
  <testcase name="test" time="0.001" classname="TestNG.ASearchTest"/>
  <testcase name="test" time="0.001" classname="TestNG.ASearchTest"/>
  <testcase name="test" time="0.000" classname="TestNG.ASearchTest"/>
  <testcase name="test" time="0.002" classname="TestNG.ASearchTest"/>
  <testcase name="test" time="0.006" classname="TestNG.ASearchTest"/>
  <testcase name="test" time="0.001" classname="TestNG.ASearchTest"/>
  <testcase name="test" time="0.001" classname="TestNG.ASearchTest"/>
  <testcase name="test" time="0.001" classname="TestNG.ASearchTest"/>
  <testcase name="test" time="0.001" classname="TestNG.ASearchTest"/>
  <testcase name="test" time="0.001" classname="TestNG.ASearchTest"/>
  <testcase name="test" time="0.001" classname="TestNG.ASearchTest"/>
  <testcase name="test" time="0.001" classname="TestNG.ASearchTest"/>
  <testcase name="test" time="0.001" classname="TestNG.ASearchTest"/>
  <testcase name="test" time="0.001" classname="TestNG.ASearchTest"/>
  <testcase name="test" time="0.001" classname="TestNG.ASearchTest"/>
  <testcase name="test" time="0.001" classname="TestNG.ASearchTest"/>
  <testcase name="test" time="0.001" classname="TestNG.ASearchTest"/>
  <testcase name="test" time="0.001" classname="TestNG.ASearchTest"/>
  <testcase name="test" time="0.001" classname="TestNG.ASearchTest"/>
  <testcase name="test" time="0.001" classname="TestNG.ASearchTest"/>
  <testcase name="test" time="0.002" classname="TestNG.ASearchTest"/>
  <testcase name="test" time="0.001" classname="TestNG.ASearchTest"/>
  <testcase name="test" time="0.001" classname="TestNG.ASearchTest"/>
  <testcase name="test" time="0.002" classname="TestNG.ASearchTest"/>
  <testcase name="test" time="0.011" classname="TestNG.ASearchTest"/>
  <testcase name="test" time="0.001" classname="TestNG.ASearchTest"/>
  <testcase name="test" time="0.001" classname="TestNG.ASearchTest"/>
  <testcase name="test" time="0.001" classname="TestNG.ASearchTest"/>
  <testcase name="test" time="0.002" classname="TestNG.ASearchTest"/>
  <testcase name="test" time="0.001" classname="TestNG.ASearchTest"/>
  <testcase name="test" time="0.001" classname="TestNG.ASearchTest"/>
  <testcase name="test" time="0.001" classname="TestNG.ASearchTest"/>
  <testcase name="test" time="0.001" classname="TestNG.ASearchTest"/>
  <testcase name="test" time="0.001" classname="TestNG.ASearchTest"/>
  <testcase name="test" time="0.001" classname="TestNG.ASearchTest"/>
  <testcase name="test" time="0.001" classname="TestNG.ASearchTest"/>
  <testcase name="test" time="0.001" classname="TestNG.ASearchTest"/>
  <testcase name="test" time="0.001" classname="TestNG.ASearchTest"/>
  <testcase name="test" time="0.001" classname="TestNG.ASearchTest"/>
  <testcase name="test" time="0.001" classname="TestNG.ASearchTest"/>
  <testcase name="test" time="0.001" classname="TestNG.ASearchTest"/>
  <testcase name="test" time="0.001" classname="TestNG.ASearchTest"/>
  <testcase name="test" time="0.001" classname="TestNG.ASearchTest"/>
  <testcase name="test" time="0.001" classname="TestNG.ASearchTest"/>
  <testcase name="test" time="0.002" classname="TestNG.ASearchTest"/>
  <testcase name="test" time="0.001" classname="TestNG.ASearchTest"/>
  <testcase name="test" time="0.001" classname="TestNG.ASearchTest"/>
  <testcase name="test" time="0.002" classname="TestNG.ASearchTest"/>
  <testcase name="test" time="0.001" classname="TestNG.ASearchTest"/>
  <testcase name="test" time="0.001" classname="TestNG.ASearchTest"/>
  <testcase name="test" time="0.001" classname="TestNG.ASearchTest"/>
  <testcase name="test" time="0.001" classname="TestNG.ASearchTest"/>
  <testcase name="test" time="0.001" classname="TestNG.ASearchTest"/>
  <testcase name="test" time="0.001" classname="TestNG.ASearchTest"/>
  <testcase name="test" time="0.001" classname="TestNG.ASearchTest"/>
  <testcase name="test" time="0.001" classname="TestNG.ASearchTest"/>
  <testcase name="test" time="0.001" classname="TestNG.ASearchTest"/>
  <testcase name="test" time="0.001" classname="TestNG.ASearchTest"/>
  <testcase name="test" time="0.001" classname="TestNG.ASearchTest"/>
  <testcase name="test" time="0.001" classname="TestNG.ASearchTest"/>
  <testcase name="test" time="0.001" classname="TestNG.ASearchTest"/>
  <testcase name="test" time="0.001" classname="TestNG.ASearchTest"/>
  <testcase name="test" time="0.001" classname="TestNG.ASearchTest"/>
  <testcase name="test" time="0.002" classname="TestNG.ASearchTest"/>
  <testcase name="test" time="0.022" classname="TestNG.ASearchTest"/>
  <testcase name="test" time="0.005" classname="TestNG.ASearchTest"/>
  <testcase name="test" time="0.001" classname="TestNG.ASearchTest"/>
  <testcase name="test" time="0.000" classname="TestNG.ASearchTest"/>
  <testcase name="test" time="0.001" classname="TestNG.ASearchTest"/>
  <testcase name="test" time="0.002" classname="TestNG.ASearchTest"/>
  <testcase name="test" time="0.002" classname="TestNG.ASearchTest"/>
  <testcase name="test" time="0.001" classname="TestNG.ASearchTest"/>
  <testcase name="test" time="0.001" classname="TestNG.ASearchTest"/>
  <testcase name="test" time="0.002" classname="TestNG.ASearchTest"/>
  <testcase name="test" time="0.001" classname="TestNG.ASearchTest"/>
  <testcase name="test" time="0.001" classname="TestNG.ASearchTest"/>
  <testcase name="test" time="0.001" classname="TestNG.ASearchTest"/>
  <testcase name="test" time="0.001" classname="TestNG.ASearchTest"/>
  <testcase name="test" time="0.001" classname="TestNG.ASearchTest"/>
  <testcase name="test" time="0.001" classname="TestNG.ASearchTest"/>
  <testcase name="test" time="0.001" classname="TestNG.ASearchTest"/>
  <testcase name="test" time="0.002" classname="TestNG.ASearchTest"/>
  <testcase name="test" time="0.001" classname="TestNG.ASearchTest"/>
  <testcase name="test" time="0.003" classname="TestNG.ASearchTest"/>
  <testcase name="test" time="0.002" classname="TestNG.ASearchTest"/>
  <testcase name="test" time="0.001" classname="TestNG.ASearchTest"/>
  <testcase name="test" time="0.001" classname="TestNG.ASearchTest"/>
  <testcase name="test" time="0.001" classname="TestNG.ASearchTest"/>
  <testcase name="test" time="0.001" classname="TestNG.ASearchTest"/>
  <testcase name="test" time="0.001" classname="TestNG.ASearchTest"/>
  <testcase name="test" time="0.001" classname="TestNG.ASearchTest"/>
  <testcase name="test" time="0.003" classname="TestNG.ASearchTest"/>
  <testcase name="test" time="0.001" classname="TestNG.ASearchTest"/>
  <testcase name="test" time="0.001" classname="TestNG.ASearchTest"/>
  <testcase name="test" time="0.006" classname="TestNG.ASearchTest"/>
  <testcase name="test" time="0.001" classname="TestNG.ASearchTest"/>
  <testcase name="test" time="0.001" classname="TestNG.ASearchTest"/>
  <testcase name="test" time="0.000" classname="TestNG.ASearchTest"/>
  <testcase name="test" time="0.001" classname="TestNG.ASearchTest"/>
  <testcase name="test" time="0.000" classname="TestNG.ASearchTest"/>
  <testcase name="test" time="0.001" classname="TestNG.ASearchTest"/>
  <testcase name="test" time="0.001" classname="TestNG.ASearchTest"/>
  <testcase name="test" time="0.001" classname="TestNG.ASearchTest"/>
  <testcase name="test" time="0.001" classname="TestNG.ASearchTest"/>
  <testcase name="test" time="0.001" classname="TestNG.ASearchTest"/>
  <testcase name="test" time="0.001" classname="TestNG.ASearchTest"/>
  <testcase name="test" time="0.001" classname="TestNG.ASearchTest"/>
  <testcase name="test" time="0.000" classname="TestNG.ASearchTest"/>
  <testcase name="test" time="0.001" classname="TestNG.ASearchTest"/>
  <testcase name="test" time="0.001" classname="TestNG.ASearchTest"/>
  <testcase name="test" time="0.001" classname="TestNG.ASearchTest"/>
  <testcase name="test" time="0.001" classname="TestNG.ASearchTest"/>
  <testcase name="test" time="0.001" classname="TestNG.ASearchTest"/>
  <testcase name="test" time="0.001" classname="TestNG.ASearchTest"/>
  <testcase name="test" time="0.001" classname="TestNG.ASearchTest"/>
  <testcase name="test" time="0.000" classname="TestNG.ASearchTest"/>
  <testcase name="test" time="0.005" classname="TestNG.ASearchTest"/>
  <testcase name="test" time="0.000" classname="TestNG.ASearchTest"/>
  <testcase name="test" time="0.001" classname="TestNG.ASearchTest"/>
  <testcase name="test" time="0.001" classname="TestNG.ASearchTest"/>
  <testcase name="test" time="0.001" classname="TestNG.ASearchTest"/>
  <testcase name="test" time="0.007" classname="TestNG.ASearchTest"/>
  <testcase name="test" time="0.001" classname="TestNG.ASearchTest"/>
  <testcase name="test" time="0.001" classname="TestNG.ASearchTest"/>
  <testcase name="test" time="0.001" classname="TestNG.ASearchTest"/>
  <testcase name="test" time="0.001" classname="TestNG.ASearchTest"/>
  <testcase name="test" time="0.001" classname="TestNG.ASearchTest"/>
  <testcase name="test" time="0.001" classname="TestNG.ASearchTest"/>
  <testcase name="test" time="0.001" classname="TestNG.ASearchTest"/>
  <testcase name="test" time="0.001" classname="TestNG.ASearchTest"/>
  <testcase name="test" time="0.001" classname="TestNG.ASearchTest"/>
  <testcase name="test" time="0.001" classname="TestNG.ASearchTest"/>
  <testcase name="test" time="0.001" classname="TestNG.ASearchTest"/>
  <testcase name="test" time="0.001" classname="TestNG.ASearchTest"/>
  <testcase name="test" time="0.001" classname="TestNG.ASearchTest"/>
  <testcase name="test" time="0.001" classname="TestNG.ASearchTest"/>
  <testcase name="test" time="0.001" classname="TestNG.ASearchTest"/>
  <testcase name="test" time="0.001" classname="TestNG.ASearchTest"/>
  <testcase name="test" time="0.001" classname="TestNG.ASearchTest"/>
  <testcase name="test" time="0.000" classname="TestNG.ASearchTest"/>
  <testcase name="test" time="0.002" classname="TestNG.ASearchTest"/>
  <testcase name="test" time="0.001" classname="TestNG.ASearchTest"/>
  <testcase name="test" time="0.001" classname="TestNG.ASearchTest"/>
  <testcase name="test" time="0.001" classname="TestNG.ASearchTest"/>
  <testcase name="test" time="0.005" classname="TestNG.ASearchTest"/>
</testsuite> <!-- TestNG.ASearchTest -->
