<?xml version="1.0" encoding="UTF-8"?>
<!-- Generated by org.testng.reporters.JUnitReportReporter -->
<testsuite hostname="cca-lg36-0816.cs.bham.ac.uk" name="rp.robotics.mapping.GridMapTest" tests="3" failures="0" timestamp="27 Mar 2015 15:43:12 GMT" time="0.056" errors="0">
  <testcase name="testMapTest" time="0.011" classname="rp.robotics.mapping.GridMapTest"/>
  <testcase name="rangeToObstacleTest" time="0.022" classname="rp.robotics.mapping.GridMapTest"/>
  <testcase name="rectangularMapTest" time="0.023" classname="rp.robotics.mapping.GridMapTest"/>
</testsuite> <!-- rp.robotics.mapping.GridMapTest -->
