<?xml version="1.0" encoding="UTF-8"?>
<!-- Generated by org.testng.reporters.JUnitReportReporter -->
<testsuite hostname="cca-lg36-0816.cs.bham.ac.uk" name="localistationTest.LocalisationTest" tests="1" failures="0" timestamp="27 Mar 2015 15:48:35 GMT" time="0.768" errors="0">
  <testcase name="test" time="0.768" classname="localistationTest.LocalisationTest"/>
</testsuite> <!-- localistationTest.LocalisationTest -->
